<?xml version="1.0" encoding="UTF-8"?>
<testsuite xmlns:xsi="http://www.w3.org/2001/XMLSchema-instance" xsi:noNamespaceSchemaLocation="https://maven.apache.org/surefire/maven-surefire-plugin/xsd/surefire-test-report-3.0.xsd" version="3.0" name="com.cvconnect.userservice.security.JwtUtilsTest" time="0.698" tests="3" errors="0" skipped="0" failures="0">
  <properties>
[...]
</properties>
  <testcase name="generateToken_validInput_shouldContainExpectedClaims" classname="com.cvconnect.userservice.security.JwtUtilsTest" time="0.648"/>
  <testcase name="helperTokenGenerators_shouldReturnNonEmptyUniqueValues" classname="com.cvconnect.userservice.security.JwtUtilsTest" time="0.009"/>
  <testcase name="generateToken_invalidSecret_shouldThrowAppException" classname="com.cvconnect.userservice.security.JwtUtilsTest" time="0.023"/>
</testsuite>